c:\users\zilvi\onedrive\documents\github\mend-it-solution\x64\debug\vc143.pdb
c:\users\zilvi\onedrive\documents\github\mend-it-solution\x64\debug\vc143.idb
c:\users\zilvi\onedrive\documents\github\mend-it-solution\x64\debug\source.obj
c:\users\zilvi\onedrive\documents\github\mend-it-solution\x64\debug\product.obj
c:\users\zilvi\onedrive\documents\github\mend-it-solution\x64\debug\observer.obj
c:\users\zilvi\onedrive\documents\github\mend-it-solution\x64\debug\singleton.obj
c:\users\zilvi\onedrive\documents\github\mend-it-solution\x64\debug\factory.obj
c:\users\zilvi\onedrive\documents\github\mend-it-solution\x64\debug\mend-it-solution.exe
c:\users\zilvi\onedrive\documents\github\mend-it-solution\x64\debug\mend-it-solution.ilk
c:\users\zilvi\onedrive\documents\github\mend-it-solution\x64\debug\mend-it-solution.pdb
c:\users\zilvi\onedrive\documents\github\mend-it-solution\x64\debug\mend-it-solution.res
c:\users\zilvi\onedrive\documents\github\mend-it-solution\x64\debug\mend-it-solution.tlog\cl.command.1.tlog
c:\users\zilvi\onedrive\documents\github\mend-it-solution\x64\debug\mend-it-solution.tlog\cl.read.1.tlog
c:\users\zilvi\onedrive\documents\github\mend-it-solution\x64\debug\mend-it-solution.tlog\cl.write.1.tlog
c:\users\zilvi\onedrive\documents\github\mend-it-solution\x64\debug\mend-it-solution.tlog\link.command.1.tlog
c:\users\zilvi\onedrive\documents\github\mend-it-solution\x64\debug\mend-it-solution.tlog\link.read.1.tlog
c:\users\zilvi\onedrive\documents\github\mend-it-solution\x64\debug\mend-it-solution.tlog\link.write.1.tlog
c:\users\zilvi\onedrive\documents\github\mend-it-solution\x64\debug\mend-it-solution.tlog\rc.command.1.tlog
c:\users\zilvi\onedrive\documents\github\mend-it-solution\x64\debug\mend-it-solution.tlog\rc.read.1.tlog
c:\users\zilvi\onedrive\documents\github\mend-it-solution\x64\debug\mend-it-solution.tlog\rc.write.1.tlog
